2025-11-16 09:02:09.540 +03:00 [INF] User profile is available. Using 'C:\Users\dell\AppData\Local\ASP.NET\DataProtection-Keys' as key repository and Windows DPAPI to encrypt keys at rest.
2025-11-16 09:02:10.632 +03:00 [INF] Executed DbCommand (15ms) [Parameters=[], CommandType='"Text"', CommandTimeout='30']
SELECT 1
2025-11-16 09:02:10.653 +03:00 [INF] Executed DbCommand (10ms) [Parameters=[], CommandType='"Text"', CommandTimeout='30']
SELECT OBJECT_ID(N'[__EFMigrationsHistory]');
2025-11-16 09:02:10.658 +03:00 [INF] Executed DbCommand (2ms) [Parameters=[], CommandType='"Text"', CommandTimeout='30']
SELECT 1
2025-11-16 09:02:10.661 +03:00 [INF] Executed DbCommand (1ms) [Parameters=[], CommandType='"Text"', CommandTimeout='30']
SELECT OBJECT_ID(N'[__EFMigrationsHistory]');
2025-11-16 09:02:10.674 +03:00 [INF] Executed DbCommand (3ms) [Parameters=[], CommandType='"Text"', CommandTimeout='30']
SELECT [MigrationId], [ProductVersion]
FROM [__EFMigrationsHistory]
ORDER BY [MigrationId];
2025-11-16 09:02:10.689 +03:00 [INF] No migrations were applied. The database is already up to date.
2025-11-16 09:02:10.711 +03:00 [INF] Executed DbCommand (11ms) [Parameters=[], CommandType='"Text"', CommandTimeout='30']
SELECT 1
2025-11-16 09:02:10.731 +03:00 [INF] Executed DbCommand (10ms) [Parameters=[], CommandType='"Text"', CommandTimeout='30']
SELECT OBJECT_ID(N'[__EFMigrationsHistory]');
2025-11-16 09:02:10.740 +03:00 [INF] Executed DbCommand (6ms) [Parameters=[], CommandType='"Text"', CommandTimeout='30']
SELECT 1
2025-11-16 09:02:10.744 +03:00 [INF] Executed DbCommand (1ms) [Parameters=[], CommandType='"Text"', CommandTimeout='30']
SELECT OBJECT_ID(N'[__EFMigrationsHistory]');
2025-11-16 09:02:10.751 +03:00 [INF] Executed DbCommand (2ms) [Parameters=[], CommandType='"Text"', CommandTimeout='30']
SELECT [MigrationId], [ProductVersion]
FROM [__EFMigrationsHistory]
ORDER BY [MigrationId];
2025-11-16 09:02:10.757 +03:00 [INF] No migrations were applied. The database is already up to date.
2025-11-16 09:02:10.977 +03:00 [INF] Executed DbCommand (19ms) [Parameters=[@__normalizedName_0='?' (Size = 256)], CommandType='"Text"', CommandTimeout='30']
SELECT TOP(1) [a].[Id], [a].[ConcurrencyStamp], [a].[Name], [a].[NormalizedName]
FROM [AspNetRoles] AS [a]
WHERE [a].[NormalizedName] = @__normalizedName_0
2025-11-16 09:02:11.012 +03:00 [INF] Executed DbCommand (3ms) [Parameters=[@__normalizedName_0='?' (Size = 256)], CommandType='"Text"', CommandTimeout='30']
SELECT TOP(1) [a].[Id], [a].[ConcurrencyStamp], [a].[Name], [a].[NormalizedName]
FROM [AspNetRoles] AS [a]
WHERE [a].[NormalizedName] = @__normalizedName_0
2025-11-16 09:02:11.017 +03:00 [INF] Executed DbCommand (1ms) [Parameters=[@__normalizedName_0='?' (Size = 256)], CommandType='"Text"', CommandTimeout='30']
SELECT TOP(1) [a].[Id], [a].[ConcurrencyStamp], [a].[Name], [a].[NormalizedName]
FROM [AspNetRoles] AS [a]
WHERE [a].[NormalizedName] = @__normalizedName_0
2025-11-16 09:02:11.020 +03:00 [INF] Executed DbCommand (2ms) [Parameters=[@__normalizedName_0='?' (Size = 256)], CommandType='"Text"', CommandTimeout='30']
SELECT TOP(1) [a].[Id], [a].[ConcurrencyStamp], [a].[Name], [a].[NormalizedName]
FROM [AspNetRoles] AS [a]
WHERE [a].[NormalizedName] = @__normalizedName_0
2025-11-16 09:02:11.023 +03:00 [INF] Executed DbCommand (1ms) [Parameters=[@__normalizedName_0='?' (Size = 256)], CommandType='"Text"', CommandTimeout='30']
SELECT TOP(1) [a].[Id], [a].[ConcurrencyStamp], [a].[Name], [a].[NormalizedName]
FROM [AspNetRoles] AS [a]
WHERE [a].[NormalizedName] = @__normalizedName_0
2025-11-16 09:02:11.046 +03:00 [INF] Executed DbCommand (2ms) [Parameters=[@__normalizedEmail_0='?' (Size = 256)], CommandType='"Text"', CommandTimeout='30']
SELECT TOP(2) [a].[Id], [a].[AccessFailedCount], [a].[ConcurrencyStamp], [a].[CreatedAt], [a].[Department], [a].[Designation], [a].[Email], [a].[EmailConfirmed], [a].[FullName], [a].[IsActive], [a].[LastLogin], [a].[LockoutEnabled], [a].[LockoutEnd], [a].[NormalizedEmail], [a].[NormalizedUserName], [a].[PasswordHash], [a].[PhoneNumber], [a].[PhoneNumberConfirmed], [a].[SecurityStamp], [a].[TwoFactorEnabled], [a].[UpdatedAt], [a].[UserName]
FROM [AspNetUsers] AS [a]
WHERE [a].[NormalizedEmail] = @__normalizedEmail_0
2025-11-16 09:02:11.101 +03:00 [INF] Executed DbCommand (1ms) [Parameters=[], CommandType='"Text"', CommandTimeout='30']
SELECT CASE
    WHEN EXISTS (
        SELECT 1
        FROM [Quarries] AS [q]) THEN CAST(1 AS bit)
    ELSE CAST(0 AS bit)
END
2025-11-16 09:02:11.108 +03:00 [INF] Executed DbCommand (1ms) [Parameters=[], CommandType='"Text"', CommandTimeout='30']
SELECT CASE
    WHEN EXISTS (
        SELECT 1
        FROM [Weighbridges] AS [w]) THEN CAST(1 AS bit)
    ELSE CAST(0 AS bit)
END
2025-11-16 09:02:11.113 +03:00 [INF] Executed DbCommand (1ms) [Parameters=[], CommandType='"Text"', CommandTimeout='30']
SELECT CASE
    WHEN EXISTS (
        SELECT 1
        FROM [Materials] AS [m]) THEN CAST(1 AS bit)
    ELSE CAST(0 AS bit)
END
2025-11-16 09:02:11.384 +03:00 [INF] Now listening on: https://localhost:53551
2025-11-16 09:02:11.385 +03:00 [INF] Now listening on: http://localhost:53552
2025-11-16 09:02:11.413 +03:00 [INF] Application started. Press Ctrl+C to shut down.
2025-11-16 09:02:11.414 +03:00 [INF] Hosting environment: Development
2025-11-16 09:02:11.417 +03:00 [INF] Content root path: C:\Cursor\Quarry
2025-11-16 09:02:13.020 +03:00 [INF] Request starting HTTP/2 GET https://localhost:53551/ - null null
2025-11-16 09:02:13.167 +03:00 [INF] Authorization failed. These requirements were not met:
DenyAnonymousAuthorizationRequirement: Requires an authenticated user.
2025-11-16 09:02:13.178 +03:00 [INF] AuthenticationScheme: Identity.Application was challenged.
2025-11-16 09:02:13.186 +03:00 [INF] Request finished HTTP/2 GET https://localhost:53551/ - 302 0 null 174.9719ms
2025-11-16 09:02:13.195 +03:00 [INF] Request starting HTTP/2 GET https://localhost:53551/Account/Login?ReturnUrl=%2F - null null
2025-11-16 09:02:13.205 +03:00 [INF] Executing endpoint 'QuarryManagementSystem.Controllers.AccountController.Login (QuarryManagementSystem)'
2025-11-16 09:02:13.218 +03:00 [INF] Route matched with {action = "Login", controller = "Account"}. Executing controller action with signature Microsoft.AspNetCore.Mvc.IActionResult Login(System.String) on controller QuarryManagementSystem.Controllers.AccountController (QuarryManagementSystem).
2025-11-16 09:02:16.542 +03:00 [INF] Executing ViewResult, running view Login.
2025-11-16 09:02:16.589 +03:00 [INF] Request starting HTTP/2 GET https://localhost:53551/_framework/aspnetcore-browser-refresh.js - null null
2025-11-16 09:02:16.598 +03:00 [INF] Executed ViewResult - view Login executed in 3355.0777ms.
2025-11-16 09:02:16.603 +03:00 [INF] Request finished HTTP/2 GET https://localhost:53551/_framework/aspnetcore-browser-refresh.js - 200 13796 application/javascript; charset=utf-8 14.6706ms
2025-11-16 09:02:16.607 +03:00 [INF] Executed action QuarryManagementSystem.Controllers.AccountController.Login (QuarryManagementSystem) in 3386.6527ms
2025-11-16 09:02:16.611 +03:00 [INF] Executed endpoint 'QuarryManagementSystem.Controllers.AccountController.Login (QuarryManagementSystem)'
2025-11-16 09:02:16.618 +03:00 [INF] Request finished HTTP/2 GET https://localhost:53551/Account/Login?ReturnUrl=%2F - 200 null text/html; charset=utf-8 3423.076ms
2025-11-16 09:02:16.625 +03:00 [INF] Request starting HTTP/2 GET https://localhost:53551/_vs/browserLink - null null
2025-11-16 09:02:16.666 +03:00 [INF] Request finished HTTP/2 GET https://localhost:53551/_vs/browserLink - 200 null text/javascript; charset=UTF-8 41.1159ms
2025-11-16 09:02:17.030 +03:00 [INF] Request starting HTTP/2 GET https://localhost:53551/favicon.ico - null null
2025-11-16 09:02:17.041 +03:00 [INF] Request finished HTTP/2 GET https://localhost:53551/favicon.ico - 404 0 null 10.8454ms
2025-11-16 09:02:17.045 +03:00 [INF] Request reached the end of the middleware pipeline without being handled by application code. Request path: GET https://localhost:53551/favicon.ico, Response status code: 404
2025-11-16 09:02:29.666 +03:00 [INF] Request starting HTTP/2 POST https://localhost:53551/Account/Login?ReturnUrl=%2F - application/x-www-form-urlencoded 36
2025-11-16 09:02:29.673 +03:00 [INF] Executing endpoint 'QuarryManagementSystem.Controllers.AccountController.Login (QuarryManagementSystem)'
2025-11-16 09:02:29.683 +03:00 [INF] Route matched with {action = "Login", controller = "Account"}. Executing controller action with signature System.Threading.Tasks.Task`1[Microsoft.AspNetCore.Mvc.IActionResult] Login(QuarryManagementSystem.ViewModels.LoginViewModel, System.String) on controller QuarryManagementSystem.Controllers.AccountController (QuarryManagementSystem).
2025-11-16 09:02:29.711 +03:00 [INF] === RAW FORM DATA DEBUG ===
2025-11-16 09:02:29.712 +03:00 [INF] Raw Username from Form: 'admin'
2025-11-16 09:02:29.712 +03:00 [INF] Raw Password from Form: '*****'
2025-11-16 09:02:29.712 +03:00 [INF] === MODEL DATA DEBUG ===
2025-11-16 09:02:29.713 +03:00 [INF] Username from model: 'admin'
2025-11-16 09:02:29.713 +03:00 [INF] Password from model: '*****'
2025-11-16 09:02:29.714 +03:00 [INF] RememberMe: False
2025-11-16 09:02:29.714 +03:00 [INF] === END DEBUG ===
2025-11-16 09:02:29.714 +03:00 [INF] Attempting login for user: admin
2025-11-16 09:02:29.734 +03:00 [INF] Executed DbCommand (3ms) [Parameters=[@__normalizedUserName_0='?' (Size = 256)], CommandType='"Text"', CommandTimeout='30']
SELECT TOP(1) [a].[Id], [a].[AccessFailedCount], [a].[ConcurrencyStamp], [a].[CreatedAt], [a].[Department], [a].[Designation], [a].[Email], [a].[EmailConfirmed], [a].[FullName], [a].[IsActive], [a].[LastLogin], [a].[LockoutEnabled], [a].[LockoutEnd], [a].[NormalizedEmail], [a].[NormalizedUserName], [a].[PasswordHash], [a].[PhoneNumber], [a].[PhoneNumberConfirmed], [a].[SecurityStamp], [a].[TwoFactorEnabled], [a].[UpdatedAt], [a].[UserName]
FROM [AspNetUsers] AS [a]
WHERE [a].[NormalizedUserName] = @__normalizedUserName_0
2025-11-16 09:02:29.854 +03:00 [INF] Executed DbCommand (2ms) [Parameters=[@__user_Id_0='?' (Size = 450)], CommandType='"Text"', CommandTimeout='30']
SELECT [a].[Id], [a].[ClaimType], [a].[ClaimValue], [a].[UserId]
FROM [AspNetUserClaims] AS [a]
WHERE [a].[UserId] = @__user_Id_0
2025-11-16 09:02:29.878 +03:00 [INF] Executed DbCommand (1ms) [Parameters=[@__userId_0='?' (Size = 450)], CommandType='"Text"', CommandTimeout='30']
SELECT [a0].[Name]
FROM [AspNetUserRoles] AS [a]
INNER JOIN [AspNetRoles] AS [a0] ON [a].[RoleId] = [a0].[Id]
WHERE [a].[UserId] = @__userId_0
2025-11-16 09:02:29.884 +03:00 [INF] Executed DbCommand (2ms) [Parameters=[@__normalizedName_0='?' (Size = 256)], CommandType='"Text"', CommandTimeout='30']
SELECT TOP(1) [a].[Id], [a].[ConcurrencyStamp], [a].[Name], [a].[NormalizedName]
FROM [AspNetRoles] AS [a]
WHERE [a].[NormalizedName] = @__normalizedName_0
2025-11-16 09:02:29.892 +03:00 [INF] Executed DbCommand (1ms) [Parameters=[@__role_Id_0='?' (Size = 450)], CommandType='"Text"', CommandTimeout='30']
SELECT [a].[ClaimType], [a].[ClaimValue]
FROM [AspNetRoleClaims] AS [a]
WHERE [a].[RoleId] = @__role_Id_0
2025-11-16 09:02:29.899 +03:00 [INF] AuthenticationScheme: Identity.Application signed in.
2025-11-16 09:02:29.901 +03:00 [INF] User logged in successfully.
2025-11-16 09:02:29.903 +03:00 [INF] Executing RedirectResult, redirecting to /.
2025-11-16 09:02:29.904 +03:00 [INF] Executed action QuarryManagementSystem.Controllers.AccountController.Login (QuarryManagementSystem) in 220.6077ms
2025-11-16 09:02:29.905 +03:00 [INF] Executed endpoint 'QuarryManagementSystem.Controllers.AccountController.Login (QuarryManagementSystem)'
2025-11-16 09:02:29.909 +03:00 [INF] Request finished HTTP/2 POST https://localhost:53551/Account/Login?ReturnUrl=%2F - 302 0 null 242.121ms
2025-11-16 09:02:29.909 +03:00 [INF] Request starting HTTP/2 GET https://localhost:53551/ - null null
2025-11-16 09:02:29.927 +03:00 [INF] Executing endpoint 'QuarryManagementSystem.Controllers.DashboardController.Index (QuarryManagementSystem)'
2025-11-16 09:02:29.931 +03:00 [INF] Route matched with {action = "Index", controller = "Dashboard"}. Executing controller action with signature System.Threading.Tasks.Task`1[Microsoft.AspNetCore.Mvc.IActionResult] Index() on controller QuarryManagementSystem.Controllers.DashboardController (QuarryManagementSystem).
2025-11-16 09:02:29.984 +03:00 [INF] Executed DbCommand (2ms) [Parameters=[@__User_Identity_Name_0='?' (Size = 256)], CommandType='"Text"', CommandTimeout='30']
SELECT TOP(1) [a].[Id], [a].[AccessFailedCount], [a].[ConcurrencyStamp], [a].[CreatedAt], [a].[Department], [a].[Designation], [a].[Email], [a].[EmailConfirmed], [a].[FullName], [a].[IsActive], [a].[LastLogin], [a].[LockoutEnabled], [a].[LockoutEnd], [a].[NormalizedEmail], [a].[NormalizedUserName], [a].[PasswordHash], [a].[PhoneNumber], [a].[PhoneNumberConfirmed], [a].[SecurityStamp], [a].[TwoFactorEnabled], [a].[UpdatedAt], [a].[UserName]
FROM [AspNetUsers] AS [a]
WHERE [a].[UserName] = @__User_Identity_Name_0
2025-11-16 09:02:30.025 +03:00 [INF] Executed DbCommand (4ms) [Parameters=[@__today_0='?' (DbType = DateTime2)], CommandType='"Text"', CommandTimeout='30']
SELECT COUNT(*)
FROM [WeighmentTransactions] AS [w]
WHERE CONVERT(date, [w].[TransactionDate]) = @__today_0
2025-11-16 09:02:30.043 +03:00 [INF] Executed DbCommand (1ms) [Parameters=[@__today_0='?' (DbType = DateTime2)], CommandType='"Text"', CommandTimeout='30']
SELECT COALESCE(SUM([w].[TotalAmount]), 0.0)
FROM [WeighmentTransactions] AS [w]
WHERE CONVERT(date, [w].[TransactionDate]) = @__today_0 AND [w].[TotalAmount] IS NOT NULL
2025-11-16 09:02:30.052 +03:00 [INF] Executed DbCommand (1ms) [Parameters=[@__thisMonth_0='?' (DbType = DateTime2)], CommandType='"Text"', CommandTimeout='30']
SELECT COUNT(*)
FROM [WeighmentTransactions] AS [w]
WHERE [w].[TransactionDate] >= @__thisMonth_0
2025-11-16 09:02:30.059 +03:00 [INF] Executed DbCommand (1ms) [Parameters=[@__thisMonth_0='?' (DbType = DateTime2)], CommandType='"Text"', CommandTimeout='30']
SELECT COALESCE(SUM([w].[TotalAmount]), 0.0)
FROM [WeighmentTransactions] AS [w]
WHERE [w].[TransactionDate] >= @__thisMonth_0 AND [w].[TotalAmount] IS NOT NULL
2025-11-16 09:02:30.064 +03:00 [INF] Executed DbCommand (1ms) [Parameters=[], CommandType='"Text"', CommandTimeout='30']
SELECT COUNT(*)
FROM [Customers] AS [c]
WHERE [c].[Status] = N'Active'
2025-11-16 09:02:30.077 +03:00 [INF] Executed DbCommand (2ms) [Parameters=[@__thisMonth_0='?' (DbType = DateTime2)], CommandType='"Text"', CommandTimeout='30']
SELECT COUNT(*)
FROM [Customers] AS [c]
WHERE [c].[Status] = N'Active' AND EXISTS (
    SELECT 1
    FROM [WeighmentTransactions] AS [w]
    WHERE [c].[Id] = [w].[CustomerId] AND [w].[TransactionDate] >= @__thisMonth_0)
2025-11-16 09:02:30.082 +03:00 [INF] Executed DbCommand (1ms) [Parameters=[], CommandType='"Text"', CommandTimeout='30']
SELECT COUNT(*)
FROM [Materials] AS [m]
WHERE [m].[Status] = N'Active'
2025-11-16 09:02:30.085 +03:00 [INF] Executed DbCommand (1ms) [Parameters=[], CommandType='"Text"', CommandTimeout='30']
SELECT COUNT(*)
FROM [Invoices] AS [i]
2025-11-16 09:02:30.098 +03:00 [INF] Executed DbCommand (1ms) [Parameters=[], CommandType='"Text"', CommandTimeout='30']
SELECT COUNT(*)
FROM [Invoices] AS [i]
WHERE [i].[Status] IN (N'Unpaid', N'Overdue')
2025-11-16 09:02:30.102 +03:00 [INF] Executed DbCommand (1ms) [Parameters=[], CommandType='"Text"', CommandTimeout='30']
SELECT COUNT(*)
FROM [Invoices] AS [i]
WHERE [i].[Status] = N'Overdue'
2025-11-16 09:02:30.108 +03:00 [INF] Executed DbCommand (1ms) [Parameters=[], CommandType='"Text"', CommandTimeout='30']
SELECT COALESCE(SUM([i].[TotalAmount] - [i].[PaidAmount]), 0.0)
FROM [Invoices] AS [i]
WHERE [i].[Status] IN (N'Unpaid', N'Overdue')
2025-11-16 09:02:30.150 +03:00 [INF] Executed DbCommand (2ms) [Parameters=[@__p_0='?' (DbType = Int32)], CommandType='"Text"', CommandTimeout='30']
SELECT [t].[Id], [t].[TransactionNumber], [t].[TransactionDate], CASE
    WHEN [c].[Id] IS NOT NULL THEN [c].[Name]
    ELSE N'Walk-in Customer'
END AS [CustomerName], CASE
    WHEN [m].[Id] IS NOT NULL THEN [m].[Name]
    ELSE N'Unknown'
END AS [MaterialName], [t].[VehicleRegNumber], [t].[NetWeight], COALESCE([t].[TotalAmount], 0.0) AS [TotalAmount], [t].[Status]
FROM (
    SELECT TOP(@__p_0) [w].[Id], [w].[CustomerId], [w].[MaterialId], [w].[NetWeight], [w].[Status], [w].[TotalAmount], [w].[TransactionDate], [w].[TransactionNumber], [w].[VehicleRegNumber]
    FROM [WeighmentTransactions] AS [w]
    WHERE [w].[Status] = N'Completed'
    ORDER BY [w].[TransactionDate] DESC
) AS [t]
LEFT JOIN [Customers] AS [c] ON [t].[CustomerId] = [c].[Id]
LEFT JOIN [Materials] AS [m] ON [t].[MaterialId] = [m].[Id]
ORDER BY [t].[TransactionDate] DESC
2025-11-16 09:02:30.161 +03:00 [INF] Executed DbCommand (2ms) [Parameters=[], CommandType='"Text"', CommandTimeout='30']
SELECT [m].[Id], [m].[Name], [m].[Type], [m].[UnitPrice], (
    SELECT COALESCE(SUM([s0].[CurrentStock]), 0.0)
    FROM [StockYards] AS [s0]
    WHERE [m].[Id] = [s0].[MaterialId]) AS [CurrentStock], 50.0 AS [MinimumStock]
FROM [Materials] AS [m]
WHERE [m].[Status] = N'Active' AND (
    SELECT COALESCE(SUM([s].[CurrentStock]), 0.0)
    FROM [StockYards] AS [s]
    WHERE [m].[Id] = [s].[MaterialId]) < 50.0
2025-11-16 09:02:30.168 +03:00 [INF] Executed DbCommand (1ms) [Parameters=[@__monthStart_0='?' (DbType = DateTime2), @__monthEnd_1='?' (DbType = DateTime2)], CommandType='"Text"', CommandTimeout='30']
SELECT COALESCE(SUM([w].[TotalAmount]), 0.0)
FROM [WeighmentTransactions] AS [w]
WHERE [w].[TransactionDate] >= @__monthStart_0 AND [w].[TransactionDate] <= @__monthEnd_1 AND [w].[TotalAmount] IS NOT NULL
2025-11-16 09:02:30.173 +03:00 [INF] Executed DbCommand (1ms) [Parameters=[@__monthStart_0='?' (DbType = DateTime2), @__monthEnd_1='?' (DbType = DateTime2)], CommandType='"Text"', CommandTimeout='30']
SELECT COALESCE(SUM([i].[TotalAmount]), 0.0)
FROM [Invoices] AS [i]
WHERE [i].[InvoiceDate] >= @__monthStart_0 AND [i].[InvoiceDate] <= @__monthEnd_1
2025-11-16 09:02:30.204 +03:00 [INF] Executed DbCommand (2ms) [Parameters=[@__monthStart_0='?' (DbType = DateTime2), @__monthEnd_1='?' (DbType = DateTime2)], CommandType='"Text"', CommandTimeout='30']
SELECT COUNT(*)
FROM [WeighmentTransactions] AS [w]
WHERE [w].[TransactionDate] >= @__monthStart_0 AND [w].[TransactionDate] <= @__monthEnd_1
2025-11-16 09:02:30.208 +03:00 [INF] Executed DbCommand (1ms) [Parameters=[@__monthStart_0='?' (DbType = DateTime2), @__monthEnd_1='?' (DbType = DateTime2)], CommandType='"Text"', CommandTimeout='30']
SELECT COALESCE(SUM([w].[TotalAmount]), 0.0)
FROM [WeighmentTransactions] AS [w]
WHERE [w].[TransactionDate] >= @__monthStart_0 AND [w].[TransactionDate] <= @__monthEnd_1 AND [w].[TotalAmount] IS NOT NULL
2025-11-16 09:02:30.210 +03:00 [INF] Executed DbCommand (1ms) [Parameters=[@__monthStart_0='?' (DbType = DateTime2), @__monthEnd_1='?' (DbType = DateTime2)], CommandType='"Text"', CommandTimeout='30']
SELECT COALESCE(SUM([i].[TotalAmount]), 0.0)
FROM [Invoices] AS [i]
WHERE [i].[InvoiceDate] >= @__monthStart_0 AND [i].[InvoiceDate] <= @__monthEnd_1
2025-11-16 09:02:30.213 +03:00 [INF] Executed DbCommand (1ms) [Parameters=[@__monthStart_0='?' (DbType = DateTime2), @__monthEnd_1='?' (DbType = DateTime2)], CommandType='"Text"', CommandTimeout='30']
SELECT COUNT(*)
FROM [WeighmentTransactions] AS [w]
WHERE [w].[TransactionDate] >= @__monthStart_0 AND [w].[TransactionDate] <= @__monthEnd_1
2025-11-16 09:02:30.216 +03:00 [INF] Executed DbCommand (1ms) [Parameters=[@__monthStart_0='?' (DbType = DateTime2), @__monthEnd_1='?' (DbType = DateTime2)], CommandType='"Text"', CommandTimeout='30']
SELECT COALESCE(SUM([w].[TotalAmount]), 0.0)
FROM [WeighmentTransactions] AS [w]
WHERE [w].[TransactionDate] >= @__monthStart_0 AND [w].[TransactionDate] <= @__monthEnd_1 AND [w].[TotalAmount] IS NOT NULL
2025-11-16 09:02:30.218 +03:00 [INF] Executed DbCommand (1ms) [Parameters=[@__monthStart_0='?' (DbType = DateTime2), @__monthEnd_1='?' (DbType = DateTime2)], CommandType='"Text"', CommandTimeout='30']
SELECT COALESCE(SUM([i].[TotalAmount]), 0.0)
FROM [Invoices] AS [i]
WHERE [i].[InvoiceDate] >= @__monthStart_0 AND [i].[InvoiceDate] <= @__monthEnd_1
2025-11-16 09:02:30.220 +03:00 [INF] Executed DbCommand (1ms) [Parameters=[@__monthStart_0='?' (DbType = DateTime2), @__monthEnd_1='?' (DbType = DateTime2)], CommandType='"Text"', CommandTimeout='30']
SELECT COUNT(*)
FROM [WeighmentTransactions] AS [w]
WHERE [w].[TransactionDate] >= @__monthStart_0 AND [w].[TransactionDate] <= @__monthEnd_1
2025-11-16 09:02:30.223 +03:00 [INF] Executed DbCommand (1ms) [Parameters=[@__monthStart_0='?' (DbType = DateTime2), @__monthEnd_1='?' (DbType = DateTime2)], CommandType='"Text"', CommandTimeout='30']
SELECT COALESCE(SUM([w].[TotalAmount]), 0.0)
FROM [WeighmentTransactions] AS [w]
WHERE [w].[TransactionDate] >= @__monthStart_0 AND [w].[TransactionDate] <= @__monthEnd_1 AND [w].[TotalAmount] IS NOT NULL
2025-11-16 09:02:30.226 +03:00 [INF] Executed DbCommand (1ms) [Parameters=[@__monthStart_0='?' (DbType = DateTime2), @__monthEnd_1='?' (DbType = DateTime2)], CommandType='"Text"', CommandTimeout='30']
SELECT COALESCE(SUM([i].[TotalAmount]), 0.0)
FROM [Invoices] AS [i]
WHERE [i].[InvoiceDate] >= @__monthStart_0 AND [i].[InvoiceDate] <= @__monthEnd_1
2025-11-16 09:02:30.229 +03:00 [INF] Executed DbCommand (1ms) [Parameters=[@__monthStart_0='?' (DbType = DateTime2), @__monthEnd_1='?' (DbType = DateTime2)], CommandType='"Text"', CommandTimeout='30']
SELECT COUNT(*)
FROM [WeighmentTransactions] AS [w]
WHERE [w].[TransactionDate] >= @__monthStart_0 AND [w].[TransactionDate] <= @__monthEnd_1
2025-11-16 09:02:30.231 +03:00 [INF] Executed DbCommand (1ms) [Parameters=[@__monthStart_0='?' (DbType = DateTime2), @__monthEnd_1='?' (DbType = DateTime2)], CommandType='"Text"', CommandTimeout='30']
SELECT COALESCE(SUM([w].[TotalAmount]), 0.0)
FROM [WeighmentTransactions] AS [w]
WHERE [w].[TransactionDate] >= @__monthStart_0 AND [w].[TransactionDate] <= @__monthEnd_1 AND [w].[TotalAmount] IS NOT NULL
2025-11-16 09:02:30.233 +03:00 [INF] Executed DbCommand (1ms) [Parameters=[@__monthStart_0='?' (DbType = DateTime2), @__monthEnd_1='?' (DbType = DateTime2)], CommandType='"Text"', CommandTimeout='30']
SELECT COALESCE(SUM([i].[TotalAmount]), 0.0)
FROM [Invoices] AS [i]
WHERE [i].[InvoiceDate] >= @__monthStart_0 AND [i].[InvoiceDate] <= @__monthEnd_1
2025-11-16 09:02:30.235 +03:00 [INF] Executed DbCommand (1ms) [Parameters=[@__monthStart_0='?' (DbType = DateTime2), @__monthEnd_1='?' (DbType = DateTime2)], CommandType='"Text"', CommandTimeout='30']
SELECT COUNT(*)
FROM [WeighmentTransactions] AS [w]
WHERE [w].[TransactionDate] >= @__monthStart_0 AND [w].[TransactionDate] <= @__monthEnd_1
2025-11-16 09:02:30.238 +03:00 [INF] Executed DbCommand (1ms) [Parameters=[@__monthStart_0='?' (DbType = DateTime2), @__monthEnd_1='?' (DbType = DateTime2)], CommandType='"Text"', CommandTimeout='30']
SELECT COALESCE(SUM([w].[TotalAmount]), 0.0)
FROM [WeighmentTransactions] AS [w]
WHERE [w].[TransactionDate] >= @__monthStart_0 AND [w].[TransactionDate] <= @__monthEnd_1 AND [w].[TotalAmount] IS NOT NULL
2025-11-16 09:02:30.241 +03:00 [INF] Executed DbCommand (1ms) [Parameters=[@__monthStart_0='?' (DbType = DateTime2), @__monthEnd_1='?' (DbType = DateTime2)], CommandType='"Text"', CommandTimeout='30']
SELECT COALESCE(SUM([i].[TotalAmount]), 0.0)
FROM [Invoices] AS [i]
WHERE [i].[InvoiceDate] >= @__monthStart_0 AND [i].[InvoiceDate] <= @__monthEnd_1
2025-11-16 09:02:30.244 +03:00 [INF] Executed DbCommand (1ms) [Parameters=[@__monthStart_0='?' (DbType = DateTime2), @__monthEnd_1='?' (DbType = DateTime2)], CommandType='"Text"', CommandTimeout='30']
SELECT COUNT(*)
FROM [WeighmentTransactions] AS [w]
WHERE [w].[TransactionDate] >= @__monthStart_0 AND [w].[TransactionDate] <= @__monthEnd_1
2025-11-16 09:02:30.246 +03:00 [INF] Executed DbCommand (1ms) [Parameters=[@__monthStart_0='?' (DbType = DateTime2), @__monthEnd_1='?' (DbType = DateTime2)], CommandType='"Text"', CommandTimeout='30']
SELECT COALESCE(SUM([w].[TotalAmount]), 0.0)
FROM [WeighmentTransactions] AS [w]
WHERE [w].[TransactionDate] >= @__monthStart_0 AND [w].[TransactionDate] <= @__monthEnd_1 AND [w].[TotalAmount] IS NOT NULL
2025-11-16 09:02:30.248 +03:00 [INF] Executed DbCommand (1ms) [Parameters=[@__monthStart_0='?' (DbType = DateTime2), @__monthEnd_1='?' (DbType = DateTime2)], CommandType='"Text"', CommandTimeout='30']
SELECT COALESCE(SUM([i].[TotalAmount]), 0.0)
FROM [Invoices] AS [i]
WHERE [i].[InvoiceDate] >= @__monthStart_0 AND [i].[InvoiceDate] <= @__monthEnd_1
2025-11-16 09:02:30.250 +03:00 [INF] Executed DbCommand (1ms) [Parameters=[@__monthStart_0='?' (DbType = DateTime2), @__monthEnd_1='?' (DbType = DateTime2)], CommandType='"Text"', CommandTimeout='30']
SELECT COUNT(*)
FROM [WeighmentTransactions] AS [w]
WHERE [w].[TransactionDate] >= @__monthStart_0 AND [w].[TransactionDate] <= @__monthEnd_1
2025-11-16 09:02:30.252 +03:00 [INF] Executed DbCommand (1ms) [Parameters=[@__monthStart_0='?' (DbType = DateTime2), @__monthEnd_1='?' (DbType = DateTime2)], CommandType='"Text"', CommandTimeout='30']
SELECT COALESCE(SUM([w].[TotalAmount]), 0.0)
FROM [WeighmentTransactions] AS [w]
WHERE [w].[TransactionDate] >= @__monthStart_0 AND [w].[TransactionDate] <= @__monthEnd_1 AND [w].[TotalAmount] IS NOT NULL
2025-11-16 09:02:30.255 +03:00 [INF] Executed DbCommand (1ms) [Parameters=[@__monthStart_0='?' (DbType = DateTime2), @__monthEnd_1='?' (DbType = DateTime2)], CommandType='"Text"', CommandTimeout='30']
SELECT COALESCE(SUM([i].[TotalAmount]), 0.0)
FROM [Invoices] AS [i]
WHERE [i].[InvoiceDate] >= @__monthStart_0 AND [i].[InvoiceDate] <= @__monthEnd_1
2025-11-16 09:02:30.258 +03:00 [INF] Executed DbCommand (1ms) [Parameters=[@__monthStart_0='?' (DbType = DateTime2), @__monthEnd_1='?' (DbType = DateTime2)], CommandType='"Text"', CommandTimeout='30']
SELECT COUNT(*)
FROM [WeighmentTransactions] AS [w]
WHERE [w].[TransactionDate] >= @__monthStart_0 AND [w].[TransactionDate] <= @__monthEnd_1
2025-11-16 09:02:30.260 +03:00 [INF] Executed DbCommand (1ms) [Parameters=[@__monthStart_0='?' (DbType = DateTime2), @__monthEnd_1='?' (DbType = DateTime2)], CommandType='"Text"', CommandTimeout='30']
SELECT COALESCE(SUM([w].[TotalAmount]), 0.0)
FROM [WeighmentTransactions] AS [w]
WHERE [w].[TransactionDate] >= @__monthStart_0 AND [w].[TransactionDate] <= @__monthEnd_1 AND [w].[TotalAmount] IS NOT NULL
2025-11-16 09:02:30.263 +03:00 [INF] Executed DbCommand (1ms) [Parameters=[@__monthStart_0='?' (DbType = DateTime2), @__monthEnd_1='?' (DbType = DateTime2)], CommandType='"Text"', CommandTimeout='30']
SELECT COALESCE(SUM([i].[TotalAmount]), 0.0)
FROM [Invoices] AS [i]
WHERE [i].[InvoiceDate] >= @__monthStart_0 AND [i].[InvoiceDate] <= @__monthEnd_1
2025-11-16 09:02:30.265 +03:00 [INF] Executed DbCommand (1ms) [Parameters=[@__monthStart_0='?' (DbType = DateTime2), @__monthEnd_1='?' (DbType = DateTime2)], CommandType='"Text"', CommandTimeout='30']
SELECT COUNT(*)
FROM [WeighmentTransactions] AS [w]
WHERE [w].[TransactionDate] >= @__monthStart_0 AND [w].[TransactionDate] <= @__monthEnd_1
2025-11-16 09:02:30.267 +03:00 [INF] Executed DbCommand (1ms) [Parameters=[@__monthStart_0='?' (DbType = DateTime2), @__monthEnd_1='?' (DbType = DateTime2)], CommandType='"Text"', CommandTimeout='30']
SELECT COALESCE(SUM([w].[TotalAmount]), 0.0)
FROM [WeighmentTransactions] AS [w]
WHERE [w].[TransactionDate] >= @__monthStart_0 AND [w].[TransactionDate] <= @__monthEnd_1 AND [w].[TotalAmount] IS NOT NULL
2025-11-16 09:02:30.269 +03:00 [INF] Executed DbCommand (1ms) [Parameters=[@__monthStart_0='?' (DbType = DateTime2), @__monthEnd_1='?' (DbType = DateTime2)], CommandType='"Text"', CommandTimeout='30']
SELECT COALESCE(SUM([i].[TotalAmount]), 0.0)
FROM [Invoices] AS [i]
WHERE [i].[InvoiceDate] >= @__monthStart_0 AND [i].[InvoiceDate] <= @__monthEnd_1
2025-11-16 09:02:30.271 +03:00 [INF] Executed DbCommand (1ms) [Parameters=[@__monthStart_0='?' (DbType = DateTime2), @__monthEnd_1='?' (DbType = DateTime2)], CommandType='"Text"', CommandTimeout='30']
SELECT COUNT(*)
FROM [WeighmentTransactions] AS [w]
WHERE [w].[TransactionDate] >= @__monthStart_0 AND [w].[TransactionDate] <= @__monthEnd_1
2025-11-16 09:02:30.275 +03:00 [INF] Executed DbCommand (1ms) [Parameters=[@__monthStart_0='?' (DbType = DateTime2), @__monthEnd_1='?' (DbType = DateTime2)], CommandType='"Text"', CommandTimeout='30']
SELECT COALESCE(SUM([w].[TotalAmount]), 0.0)
FROM [WeighmentTransactions] AS [w]
WHERE [w].[TransactionDate] >= @__monthStart_0 AND [w].[TransactionDate] <= @__monthEnd_1 AND [w].[TotalAmount] IS NOT NULL
2025-11-16 09:02:30.277 +03:00 [INF] Executed DbCommand (1ms) [Parameters=[@__monthStart_0='?' (DbType = DateTime2), @__monthEnd_1='?' (DbType = DateTime2)], CommandType='"Text"', CommandTimeout='30']
SELECT COALESCE(SUM([i].[TotalAmount]), 0.0)
FROM [Invoices] AS [i]
WHERE [i].[InvoiceDate] >= @__monthStart_0 AND [i].[InvoiceDate] <= @__monthEnd_1
2025-11-16 09:02:30.279 +03:00 [INF] Executed DbCommand (1ms) [Parameters=[@__monthStart_0='?' (DbType = DateTime2), @__monthEnd_1='?' (DbType = DateTime2)], CommandType='"Text"', CommandTimeout='30']
SELECT COUNT(*)
FROM [WeighmentTransactions] AS [w]
WHERE [w].[TransactionDate] >= @__monthStart_0 AND [w].[TransactionDate] <= @__monthEnd_1
2025-11-16 09:02:30.282 +03:00 [INF] Executed DbCommand (1ms) [Parameters=[@__monthStart_0='?' (DbType = DateTime2), @__monthEnd_1='?' (DbType = DateTime2)], CommandType='"Text"', CommandTimeout='30']
SELECT COALESCE(SUM([w].[TotalAmount]), 0.0)
FROM [WeighmentTransactions] AS [w]
WHERE [w].[TransactionDate] >= @__monthStart_0 AND [w].[TransactionDate] <= @__monthEnd_1 AND [w].[TotalAmount] IS NOT NULL
2025-11-16 09:02:30.284 +03:00 [INF] Executed DbCommand (1ms) [Parameters=[@__monthStart_0='?' (DbType = DateTime2), @__monthEnd_1='?' (DbType = DateTime2)], CommandType='"Text"', CommandTimeout='30']
SELECT COALESCE(SUM([i].[TotalAmount]), 0.0)
FROM [Invoices] AS [i]
WHERE [i].[InvoiceDate] >= @__monthStart_0 AND [i].[InvoiceDate] <= @__monthEnd_1
2025-11-16 09:02:30.286 +03:00 [INF] Executed DbCommand (1ms) [Parameters=[@__monthStart_0='?' (DbType = DateTime2), @__monthEnd_1='?' (DbType = DateTime2)], CommandType='"Text"', CommandTimeout='30']
SELECT COUNT(*)
FROM [WeighmentTransactions] AS [w]
WHERE [w].[TransactionDate] >= @__monthStart_0 AND [w].[TransactionDate] <= @__monthEnd_1
2025-11-16 09:02:30.289 +03:00 [INF] User admin accessed dashboard at "2025-11-16T09:02:30.2892721+03:00"
2025-11-16 09:02:30.779 +03:00 [INF] Executing ViewResult, running view Index.
2025-11-16 09:02:31.190 +03:00 [INF] Executed ViewResult - view Index executed in 899.5161ms.
2025-11-16 09:02:31.194 +03:00 [INF] Request starting HTTP/2 GET https://localhost:53551/css/site.css - null null
2025-11-16 09:02:31.197 +03:00 [INF] Request starting HTTP/2 GET https://localhost:53551/img/user1-128x128.jpg - null null
2025-11-16 09:02:31.197 +03:00 [INF] Request starting HTTP/2 GET https://localhost:53551/img/user2-160x160.jpg - null null
2025-11-16 09:02:31.198 +03:00 [INF] Executed action QuarryManagementSystem.Controllers.DashboardController.Index (QuarryManagementSystem) in 1266.8304ms
2025-11-16 09:02:31.201 +03:00 [INF] Executed endpoint 'QuarryManagementSystem.Controllers.DashboardController.Index (QuarryManagementSystem)'
2025-11-16 09:02:31.207 +03:00 [INF] Request finished HTTP/2 GET https://localhost:53551/img/user1-128x128.jpg - 404 0 null 10.0693ms
2025-11-16 09:02:31.209 +03:00 [INF] Request starting HTTP/2 GET https://localhost:53551/images/traco-logo.png - null null
2025-11-16 09:02:31.211 +03:00 [INF] Request finished HTTP/2 GET https://localhost:53551/ - 200 null text/html; charset=utf-8 1302.0587ms
2025-11-16 09:02:31.212 +03:00 [INF] Request reached the end of the middleware pipeline without being handled by application code. Request path: GET https://localhost:53551/img/user1-128x128.jpg, Response status code: 404
2025-11-16 09:02:31.214 +03:00 [INF] Request finished HTTP/2 GET https://localhost:53551/img/user2-160x160.jpg - 404 0 null 17.6403ms
2025-11-16 09:02:31.215 +03:00 [INF] Request finished HTTP/2 GET https://localhost:53551/images/traco-logo.png - 404 0 null 5.8018ms
2025-11-16 09:02:31.215 +03:00 [INF] The file /css/site.css was not modified
2025-11-16 09:02:31.219 +03:00 [INF] Request reached the end of the middleware pipeline without being handled by application code. Request path: GET https://localhost:53551/img/user2-160x160.jpg, Response status code: 404
2025-11-16 09:02:31.221 +03:00 [INF] Request reached the end of the middleware pipeline without being handled by application code. Request path: GET https://localhost:53551/images/traco-logo.png, Response status code: 404
2025-11-16 09:02:31.223 +03:00 [INF] Request finished HTTP/2 GET https://localhost:53551/css/site.css - 304 null text/css 29.6595ms
2025-11-16 09:02:31.226 +03:00 [INF] Request starting HTTP/2 GET https://localhost:53551/js/site.js - null null
2025-11-16 09:02:31.229 +03:00 [INF] Request finished HTTP/2 GET https://localhost:53551/js/site.js - 404 0 null 3.6149ms
2025-11-16 09:02:31.232 +03:00 [INF] Request starting HTTP/2 GET https://localhost:53551/_framework/aspnetcore-browser-refresh.js - null null
2025-11-16 09:02:31.232 +03:00 [INF] Request reached the end of the middleware pipeline without being handled by application code. Request path: GET https://localhost:53551/js/site.js, Response status code: 404
2025-11-16 09:02:31.234 +03:00 [INF] Request finished HTTP/2 GET https://localhost:53551/_framework/aspnetcore-browser-refresh.js - 200 13796 application/javascript; charset=utf-8 2.3801ms
2025-11-16 09:02:31.419 +03:00 [INF] Request starting HTTP/2 GET https://localhost:53551/_vs/browserLink - null null
2025-11-16 09:02:31.422 +03:00 [INF] Request starting HTTP/2 GET https://localhost:53551/img/user2-160x160.jpg - null null
2025-11-16 09:02:31.422 +03:00 [INF] Request starting HTTP/2 GET https://localhost:53551/images/traco-logo.png - null null
2025-11-16 09:02:31.431 +03:00 [INF] Request finished HTTP/2 GET https://localhost:53551/img/user2-160x160.jpg - 404 0 null 9.4007ms
2025-11-16 09:02:31.446 +03:00 [INF] Request finished HTTP/2 GET https://localhost:53551/images/traco-logo.png - 404 0 null 24.021ms
2025-11-16 09:02:31.448 +03:00 [INF] Request reached the end of the middleware pipeline without being handled by application code. Request path: GET https://localhost:53551/img/user2-160x160.jpg, Response status code: 404
2025-11-16 09:02:31.448 +03:00 [INF] Request finished HTTP/2 GET https://localhost:53551/_vs/browserLink - 200 null text/javascript; charset=UTF-8 30.0735ms
2025-11-16 09:02:31.451 +03:00 [INF] Request reached the end of the middleware pipeline without being handled by application code. Request path: GET https://localhost:53551/images/traco-logo.png, Response status code: 404
2025-11-16 09:02:38.814 +03:00 [INF] Request starting HTTP/2 GET https://localhost:53551/Weighment - null null
2025-11-16 09:02:38.824 +03:00 [INF] Executing endpoint 'QuarryManagementSystem.Controllers.WeighmentController.Index (QuarryManagementSystem)'
2025-11-16 09:02:38.829 +03:00 [INF] Route matched with {action = "Index", controller = "Weighment"}. Executing controller action with signature System.Threading.Tasks.Task`1[Microsoft.AspNetCore.Mvc.IActionResult] Index(System.String, System.String, System.Nullable`1[System.DateTime], System.Nullable`1[System.DateTime], Int32) on controller QuarryManagementSystem.Controllers.WeighmentController (QuarryManagementSystem).
2025-11-16 09:02:38.840 +03:00 [INF] Executed DbCommand (2ms) [Parameters=[], CommandType='"Text"', CommandTimeout='30']
SELECT COUNT(*)
FROM [WeighmentTransactions] AS [w]
2025-11-16 09:02:38.888 +03:00 [INF] Executed DbCommand (23ms) [Parameters=[@__p_0='?' (DbType = Int32), @__p_1='?' (DbType = Int32)], CommandType='"Text"', CommandTimeout='30']
SELECT [t].[Id], [t].[ChallanNumber], [t].[CreatedAt], [t].[CreatedBy], [t].[CustomerId], [t].[DriverName], [t].[DriverPhone], [t].[EntryTime], [t].[ExitTime], [t].[GrossWeight], [t].[InvoiceId], [t].[IsInvoiced], [t].[MaterialId], [t].[ModifiedAt], [t].[ModifiedBy], [t].[NetWeight], [t].[OperatorUserId], [t].[OrderId], [t].[PricePerUnit], [t].[Status], [t].[SubTotal], [t].[TareWeight], [t].[TotalAmount], [t].[TransactionDate], [t].[TransactionNumber], [t].[TransactionType], [t].[VatAmount], [t].[VatRate], [t].[VehicleRegNumber], [t].[WeighbridgeId], [t].[WeightUnit], [c].[Id], [c].[AvailableCredit], [c].[BVN], [c].[BillingAddress], [c].[ContactPerson], [c].[CreatedAt], [c].[CreditLimit], [c].[Email], [c].[LGA], [c].[Location], [c].[MiningLicenseNumber], [c].[Name], [c].[OutstandingBalance], [c].[Phone], [c].[RCNumber], [c].[State], [c].[Status], [c].[TIN], [c].[UpdatedAt], [m].[Id], [m].[CreatedAt], [m].[Name], [m].[Status], [m].[Type], [m].[Unit], [m].[UnitPrice], [m].[UpdatedAt], [m].[VatRate], [w0].[Id], [w0].[Capacity], [w0].[ConnectionString], [w0].[ConnectionType], [w0].[CreatedAt], [w0].[Location], [w0].[Name], [w0].[QuarryId], [w0].[Status], [w0].[UpdatedAt]
FROM (
    SELECT [w].[Id], [w].[ChallanNumber], [w].[CreatedAt], [w].[CreatedBy], [w].[CustomerId], [w].[DriverName], [w].[DriverPhone], [w].[EntryTime], [w].[ExitTime], [w].[GrossWeight], [w].[InvoiceId], [w].[IsInvoiced], [w].[MaterialId], [w].[ModifiedAt], [w].[ModifiedBy], [w].[NetWeight], [w].[OperatorUserId], [w].[OrderId], [w].[PricePerUnit], [w].[Status], [w].[SubTotal], [w].[TareWeight], [w].[TotalAmount], [w].[TransactionDate], [w].[TransactionNumber], [w].[TransactionType], [w].[VatAmount], [w].[VatRate], [w].[VehicleRegNumber], [w].[WeighbridgeId], [w].[WeightUnit]
    FROM [WeighmentTransactions] AS [w]
    ORDER BY [w].[TransactionDate] DESC, [w].[Id] DESC
    OFFSET @__p_0 ROWS FETCH NEXT @__p_1 ROWS ONLY
) AS [t]
LEFT JOIN [Customers] AS [c] ON [t].[CustomerId] = [c].[Id]
LEFT JOIN [Materials] AS [m] ON [t].[MaterialId] = [m].[Id]
LEFT JOIN [Weighbridges] AS [w0] ON [t].[WeighbridgeId] = [w0].[Id]
ORDER BY [t].[TransactionDate] DESC, [t].[Id] DESC
2025-11-16 09:02:39.502 +03:00 [INF] Executing ViewResult, running view Index.
2025-11-16 09:02:39.522 +03:00 [INF] Executed ViewResult - view Index executed in 628.7067ms.
2025-11-16 09:02:39.524 +03:00 [INF] Executed action QuarryManagementSystem.Controllers.WeighmentController.Index (QuarryManagementSystem) in 693.4502ms
2025-11-16 09:02:39.524 +03:00 [INF] Executed endpoint 'QuarryManagementSystem.Controllers.WeighmentController.Index (QuarryManagementSystem)'
2025-11-16 09:02:39.533 +03:00 [WRN] Unable to configure Browser Link script injection on the response. 
2025-11-16 09:02:39.534 +03:00 [WRN] Unable to configure browser refresh script injection on the response. Consider manually adding '<script src="/_framework/aspnetcore-browser-refresh.js"></script>' to the body of the page.
2025-11-16 09:02:39.535 +03:00 [INF] Request finished HTTP/2 GET https://localhost:53551/Weighment - 200 null text/html; charset=utf-8 721.818ms
2025-11-16 09:02:40.894 +03:00 [INF] Request starting HTTP/2 GET https://localhost:53551/_framework/aspnetcore-browser-refresh.js - null null
2025-11-16 09:02:40.898 +03:00 [INF] Request finished HTTP/2 GET https://localhost:53551/_framework/aspnetcore-browser-refresh.js - 200 13796 application/javascript; charset=utf-8 4.5112ms
2025-11-16 09:02:46.701 +03:00 [INF] Request starting HTTP/2 GET https://localhost:53551/Invoice - null null
2025-11-16 09:02:46.709 +03:00 [INF] Executing endpoint 'QuarryManagementSystem.Controllers.InvoiceController.Index (QuarryManagementSystem)'
2025-11-16 09:02:46.714 +03:00 [INF] Route matched with {action = "Index", controller = "Invoice"}. Executing controller action with signature System.Threading.Tasks.Task`1[Microsoft.AspNetCore.Mvc.IActionResult] Index(System.String, System.String, System.Nullable`1[System.DateTime], System.Nullable`1[System.DateTime], Int32) on controller QuarryManagementSystem.Controllers.InvoiceController (QuarryManagementSystem).
2025-11-16 09:02:46.723 +03:00 [INF] Executed DbCommand (2ms) [Parameters=[], CommandType='"Text"', CommandTimeout='30']
SELECT COUNT(*)
FROM [Invoices] AS [i]
2025-11-16 09:02:46.739 +03:00 [INF] Executed DbCommand (3ms) [Parameters=[@__p_0='?' (DbType = Int32), @__p_1='?' (DbType = Int32)], CommandType='"Text"', CommandTimeout='30']
SELECT [t].[Id], [t].[CreatedAt], [t].[CreatedBy], [t].[CreatedByUserId], [t].[CustomerId], [t].[DueDate], [t].[InvoiceDate], [t].[InvoiceNumber], [t].[LGAReceiptNumber], [t].[Notes], [t].[PaidAmount], [t].[PaymentTerms], [t].[Status], [t].[SubTotal], [t].[TotalAmount], [t].[UpdatedAt], [t].[VatAmount], [t].[WeighmentId], [c].[Id], [c].[AvailableCredit], [c].[BVN], [c].[BillingAddress], [c].[ContactPerson], [c].[CreatedAt], [c].[CreditLimit], [c].[Email], [c].[LGA], [c].[Location], [c].[MiningLicenseNumber], [c].[Name], [c].[OutstandingBalance], [c].[Phone], [c].[RCNumber], [c].[State], [c].[Status], [c].[TIN], [c].[UpdatedAt], [w].[Id], [w].[ChallanNumber], [w].[CreatedAt], [w].[CreatedBy], [w].[CustomerId], [w].[DriverName], [w].[DriverPhone], [w].[EntryTime], [w].[ExitTime], [w].[GrossWeight], [w].[InvoiceId], [w].[IsInvoiced], [w].[MaterialId], [w].[ModifiedAt], [w].[ModifiedBy], [w].[NetWeight], [w].[OperatorUserId], [w].[OrderId], [w].[PricePerUnit], [w].[Status], [w].[SubTotal], [w].[TareWeight], [w].[TotalAmount], [w].[TransactionDate], [w].[TransactionNumber], [w].[TransactionType], [w].[VatAmount], [w].[VatRate], [w].[VehicleRegNumber], [w].[WeighbridgeId], [w].[WeightUnit]
FROM (
    SELECT [i].[Id], [i].[CreatedAt], [i].[CreatedBy], [i].[CreatedByUserId], [i].[CustomerId], [i].[DueDate], [i].[InvoiceDate], [i].[InvoiceNumber], [i].[LGAReceiptNumber], [i].[Notes], [i].[PaidAmount], [i].[PaymentTerms], [i].[Status], [i].[SubTotal], [i].[TotalAmount], [i].[UpdatedAt], [i].[VatAmount], [i].[WeighmentId]
    FROM [Invoices] AS [i]
    ORDER BY [i].[InvoiceDate] DESC, [i].[Id] DESC
    OFFSET @__p_0 ROWS FETCH NEXT @__p_1 ROWS ONLY
) AS [t]
INNER JOIN [Customers] AS [c] ON [t].[CustomerId] = [c].[Id]
LEFT JOIN [WeighmentTransactions] AS [w] ON [t].[WeighmentId] = [w].[Id]
ORDER BY [t].[InvoiceDate] DESC, [t].[Id] DESC
2025-11-16 09:02:46.961 +03:00 [INF] Executing ViewResult, running view Index.
2025-11-16 09:02:46.977 +03:00 [INF] Executed ViewResult - view Index executed in 234.7171ms.
2025-11-16 09:02:46.979 +03:00 [INF] Executed action QuarryManagementSystem.Controllers.InvoiceController.Index (QuarryManagementSystem) in 262.6543ms
2025-11-16 09:02:46.979 +03:00 [INF] Executed endpoint 'QuarryManagementSystem.Controllers.InvoiceController.Index (QuarryManagementSystem)'
2025-11-16 09:02:46.980 +03:00 [WRN] Unable to configure Browser Link script injection on the response. 
2025-11-16 09:02:46.981 +03:00 [WRN] Unable to configure browser refresh script injection on the response. Consider manually adding '<script src="/_framework/aspnetcore-browser-refresh.js"></script>' to the body of the page.
2025-11-16 09:02:46.981 +03:00 [INF] Request finished HTTP/2 GET https://localhost:53551/Invoice - 200 null text/html; charset=utf-8 279.8665ms
2025-11-16 09:02:48.733 +03:00 [INF] Request starting HTTP/2 GET https://localhost:53551/_framework/aspnetcore-browser-refresh.js - null null
2025-11-16 09:02:48.735 +03:00 [INF] Request finished HTTP/2 GET https://localhost:53551/_framework/aspnetcore-browser-refresh.js - 200 13796 application/javascript; charset=utf-8 2.0684ms
2025-11-16 09:02:50.302 +03:00 [INF] Request starting HTTP/2 GET https://localhost:53551/Customer - null null
2025-11-16 09:02:50.308 +03:00 [INF] Executing endpoint 'QuarryManagementSystem.Controllers.CustomerController.Index (QuarryManagementSystem)'
2025-11-16 09:02:50.313 +03:00 [INF] Route matched with {action = "Index", controller = "Customer"}. Executing controller action with signature System.Threading.Tasks.Task`1[Microsoft.AspNetCore.Mvc.IActionResult] Index(System.String, System.String, System.String, Int32) on controller QuarryManagementSystem.Controllers.CustomerController (QuarryManagementSystem).
2025-11-16 09:02:50.320 +03:00 [INF] Executed DbCommand (2ms) [Parameters=[], CommandType='"Text"', CommandTimeout='30']
SELECT COUNT(*)
FROM [Customers] AS [c]
2025-11-16 09:02:50.328 +03:00 [INF] Executed DbCommand (2ms) [Parameters=[@__p_0='?' (DbType = Int32), @__p_1='?' (DbType = Int32)], CommandType='"Text"', CommandTimeout='30']
SELECT [c].[Id], [c].[AvailableCredit], [c].[BVN], [c].[BillingAddress], [c].[ContactPerson], [c].[CreatedAt], [c].[CreditLimit], [c].[Email], [c].[LGA], [c].[Location], [c].[MiningLicenseNumber], [c].[Name], [c].[OutstandingBalance], [c].[Phone], [c].[RCNumber], [c].[State], [c].[Status], [c].[TIN], [c].[UpdatedAt]
FROM [Customers] AS [c]
ORDER BY [c].[CreatedAt] DESC
OFFSET @__p_0 ROWS FETCH NEXT @__p_1 ROWS ONLY
2025-11-16 09:02:50.523 +03:00 [INF] Executing ViewResult, running view Index.
2025-11-16 09:02:50.529 +03:00 [INF] Executed ViewResult - view Index executed in 198.2465ms.
2025-11-16 09:02:50.530 +03:00 [INF] Executed action QuarryManagementSystem.Controllers.CustomerController.Index (QuarryManagementSystem) in 215.5669ms
2025-11-16 09:02:50.531 +03:00 [INF] Executed endpoint 'QuarryManagementSystem.Controllers.CustomerController.Index (QuarryManagementSystem)'
2025-11-16 09:02:50.531 +03:00 [WRN] Unable to configure Browser Link script injection on the response. 
2025-11-16 09:02:50.532 +03:00 [WRN] Unable to configure browser refresh script injection on the response. Consider manually adding '<script src="/_framework/aspnetcore-browser-refresh.js"></script>' to the body of the page.
2025-11-16 09:02:50.532 +03:00 [INF] Request finished HTTP/2 GET https://localhost:53551/Customer - 200 null text/html; charset=utf-8 230.8785ms
2025-11-16 09:02:56.672 +03:00 [INF] Request starting HTTP/2 GET https://localhost:53551/_framework/aspnetcore-browser-refresh.js - null null
2025-11-16 09:02:56.676 +03:00 [INF] Request finished HTTP/2 GET https://localhost:53551/_framework/aspnetcore-browser-refresh.js - 200 13796 application/javascript; charset=utf-8 3.5924ms
2025-11-16 09:03:09.453 +03:00 [INF] Request starting HTTP/2 GET https://localhost:53551/Report - null null
2025-11-16 09:03:09.459 +03:00 [INF] Executing endpoint 'QuarryManagementSystem.Controllers.ReportController.Index (QuarryManagementSystem)'
2025-11-16 09:03:09.461 +03:00 [INF] Route matched with {action = "Index", controller = "Report"}. Executing controller action with signature Microsoft.AspNetCore.Mvc.IActionResult Index() on controller QuarryManagementSystem.Controllers.ReportController (QuarryManagementSystem).
2025-11-16 09:03:09.464 +03:00 [INF] Executing ViewResult, running view Index.
2025-11-16 09:03:09.468 +03:00 [ERR] The view 'Index' was not found. Searched locations: ["/Views/Report/Index.cshtml","/Views/Shared/Index.cshtml"]
2025-11-16 09:03:09.491 +03:00 [INF] Executed action QuarryManagementSystem.Controllers.ReportController.Index (QuarryManagementSystem) in 29.1663ms
2025-11-16 09:03:09.492 +03:00 [INF] Executed endpoint 'QuarryManagementSystem.Controllers.ReportController.Index (QuarryManagementSystem)'
2025-11-16 09:03:09.494 +03:00 [ERR] An unhandled exception has occurred while executing the request.
System.InvalidOperationException: The view 'Index' was not found. The following locations were searched:
/Views/Report/Index.cshtml
/Views/Shared/Index.cshtml
   at Microsoft.AspNetCore.Mvc.ViewEngines.ViewEngineResult.EnsureSuccessful(IEnumerable`1 originalLocations)
   at Microsoft.AspNetCore.Mvc.ViewFeatures.ViewResultExecutor.ExecuteAsync(ActionContext context, ViewResult result)
   at Microsoft.AspNetCore.Mvc.ViewResult.ExecuteResultAsync(ActionContext context)
   at Microsoft.AspNetCore.Mvc.Infrastructure.ResourceInvoker.<InvokeNextResultFilterAsync>g__Awaited|30_0[TFilter,TFilterAsync](ResourceInvoker invoker, Task lastTask, State next, Scope scope, Object state, Boolean isCompleted)
   at Microsoft.AspNetCore.Mvc.Infrastructure.ResourceInvoker.Rethrow(ResultExecutedContextSealed context)
   at Microsoft.AspNetCore.Mvc.Infrastructure.ResourceInvoker.ResultNext[TFilter,TFilterAsync](State& next, Scope& scope, Object& state, Boolean& isCompleted)
   at Microsoft.AspNetCore.Mvc.Infrastructure.ResourceInvoker.InvokeResultFilters()
--- End of stack trace from previous location ---
   at Microsoft.AspNetCore.Mvc.Infrastructure.ResourceInvoker.<InvokeNextResourceFilter>g__Awaited|25_0(ResourceInvoker invoker, Task lastTask, State next, Scope scope, Object state, Boolean isCompleted)
   at Microsoft.AspNetCore.Mvc.Infrastructure.ResourceInvoker.Rethrow(ResourceExecutedContextSealed context)
   at Microsoft.AspNetCore.Mvc.Infrastructure.ResourceInvoker.Next(State& next, Scope& scope, Object& state, Boolean& isCompleted)
   at Microsoft.AspNetCore.Mvc.Infrastructure.ResourceInvoker.InvokeFilterPipelineAsync()
--- End of stack trace from previous location ---
   at Microsoft.AspNetCore.Mvc.Infrastructure.ResourceInvoker.<InvokeAsync>g__Logged|17_1(ResourceInvoker invoker)
   at Microsoft.AspNetCore.Mvc.Infrastructure.ResourceInvoker.<InvokeAsync>g__Logged|17_1(ResourceInvoker invoker)
   at Microsoft.AspNetCore.Routing.EndpointMiddleware.<Invoke>g__AwaitRequestTask|7_0(Endpoint endpoint, Task requestTask, ILogger logger)
   at Microsoft.AspNetCore.Session.SessionMiddleware.Invoke(HttpContext context)
   at Microsoft.AspNetCore.Session.SessionMiddleware.Invoke(HttpContext context)
   at Microsoft.AspNetCore.Authorization.AuthorizationMiddleware.Invoke(HttpContext context)
   at Microsoft.AspNetCore.Authentication.AuthenticationMiddleware.Invoke(HttpContext context)
   at Microsoft.AspNetCore.Diagnostics.DeveloperExceptionPageMiddlewareImpl.Invoke(HttpContext context)
2025-11-16 09:03:09.526 +03:00 [INF] Request finished HTTP/2 GET https://localhost:53551/Report - 500 null text/html; charset=utf-8 73.4339ms
2025-11-16 09:03:09.532 +03:00 [INF] Request starting HTTP/2 GET https://localhost:53551/_framework/aspnetcore-browser-refresh.js - null null
2025-11-16 09:03:09.532 +03:00 [INF] Request starting HTTP/2 GET https://localhost:53551/_vs/browserLink - null null
2025-11-16 09:03:09.534 +03:00 [INF] Request finished HTTP/2 GET https://localhost:53551/_framework/aspnetcore-browser-refresh.js - 200 13796 application/javascript; charset=utf-8 2.8839ms
2025-11-16 09:03:09.552 +03:00 [INF] Request finished HTTP/2 GET https://localhost:53551/_vs/browserLink - 200 null text/javascript; charset=UTF-8 20.224ms
2025-11-16 09:03:11.144 +03:00 [INF] Request starting HTTP/2 GET https://localhost:53551/_framework/aspnetcore-browser-refresh.js - null null
2025-11-16 09:03:11.146 +03:00 [INF] Request finished HTTP/2 GET https://localhost:53551/_framework/aspnetcore-browser-refresh.js - 200 13796 application/javascript; charset=utf-8 2.8659ms
2025-11-16 09:03:12.532 +03:00 [INF] Request starting HTTP/2 GET https://localhost:53551/Material - null null
2025-11-16 09:03:12.535 +03:00 [INF] Executing endpoint 'QuarryManagementSystem.Controllers.MaterialController.Index (QuarryManagementSystem)'
2025-11-16 09:03:12.539 +03:00 [INF] Route matched with {action = "Index", controller = "Material"}. Executing controller action with signature System.Threading.Tasks.Task`1[Microsoft.AspNetCore.Mvc.IActionResult] Index(System.String, System.String, System.String, Int32) on controller QuarryManagementSystem.Controllers.MaterialController (QuarryManagementSystem).
2025-11-16 09:03:12.548 +03:00 [INF] Executed DbCommand (1ms) [Parameters=[], CommandType='"Text"', CommandTimeout='30']
SELECT COUNT(*)
FROM [Materials] AS [m]
2025-11-16 09:03:12.571 +03:00 [INF] Executed DbCommand (2ms) [Parameters=[@__p_0='?' (DbType = Int32), @__p_1='?' (DbType = Int32)], CommandType='"Text"', CommandTimeout='30']
SELECT [t].[Id], [t].[CreatedAt], [t].[Name], [t].[Status], [t].[Type], [t].[Unit], [t].[UnitPrice], [t].[UpdatedAt], [t].[VatRate], [s].[Id], [s].[CurrentStock], [s].[LastUpdated], [s].[MaterialId], [s].[QuarryId], [s].[ReservedStock]
FROM (
    SELECT [m].[Id], [m].[CreatedAt], [m].[Name], [m].[Status], [m].[Type], [m].[Unit], [m].[UnitPrice], [m].[UpdatedAt], [m].[VatRate]
    FROM [Materials] AS [m]
    ORDER BY [m].[Name]
    OFFSET @__p_0 ROWS FETCH NEXT @__p_1 ROWS ONLY
) AS [t]
LEFT JOIN [StockYards] AS [s] ON [t].[Id] = [s].[MaterialId]
ORDER BY [t].[Name], [t].[Id]
2025-11-16 09:03:12.595 +03:00 [INF] Executing ViewResult, running view Index.
2025-11-16 09:03:12.597 +03:00 [ERR] The view 'Index' was not found. Searched locations: ["/Views/Material/Index.cshtml","/Views/Shared/Index.cshtml"]
2025-11-16 09:03:12.598 +03:00 [INF] Executed action QuarryManagementSystem.Controllers.MaterialController.Index (QuarryManagementSystem) in 58.1078ms
2025-11-16 09:03:12.599 +03:00 [INF] Executed endpoint 'QuarryManagementSystem.Controllers.MaterialController.Index (QuarryManagementSystem)'
2025-11-16 09:03:12.600 +03:00 [ERR] An unhandled exception has occurred while executing the request.
System.InvalidOperationException: The view 'Index' was not found. The following locations were searched:
/Views/Material/Index.cshtml
/Views/Shared/Index.cshtml
   at Microsoft.AspNetCore.Mvc.ViewEngines.ViewEngineResult.EnsureSuccessful(IEnumerable`1 originalLocations)
   at Microsoft.AspNetCore.Mvc.ViewFeatures.ViewResultExecutor.ExecuteAsync(ActionContext context, ViewResult result)
   at Microsoft.AspNetCore.Mvc.ViewResult.ExecuteResultAsync(ActionContext context)
   at Microsoft.AspNetCore.Mvc.Infrastructure.ResourceInvoker.<InvokeNextResultFilterAsync>g__Awaited|30_0[TFilter,TFilterAsync](ResourceInvoker invoker, Task lastTask, State next, Scope scope, Object state, Boolean isCompleted)
   at Microsoft.AspNetCore.Mvc.Infrastructure.ResourceInvoker.Rethrow(ResultExecutedContextSealed context)
   at Microsoft.AspNetCore.Mvc.Infrastructure.ResourceInvoker.ResultNext[TFilter,TFilterAsync](State& next, Scope& scope, Object& state, Boolean& isCompleted)
   at Microsoft.AspNetCore.Mvc.Infrastructure.ResourceInvoker.InvokeResultFilters()
--- End of stack trace from previous location ---
   at Microsoft.AspNetCore.Mvc.Infrastructure.ResourceInvoker.<InvokeNextResourceFilter>g__Awaited|25_0(ResourceInvoker invoker, Task lastTask, State next, Scope scope, Object state, Boolean isCompleted)
   at Microsoft.AspNetCore.Mvc.Infrastructure.ResourceInvoker.Rethrow(ResourceExecutedContextSealed context)
   at Microsoft.AspNetCore.Mvc.Infrastructure.ResourceInvoker.Next(State& next, Scope& scope, Object& state, Boolean& isCompleted)
   at Microsoft.AspNetCore.Mvc.Infrastructure.ResourceInvoker.<InvokeFilterPipelineAsync>g__Awaited|20_0(ResourceInvoker invoker, Task lastTask, State next, Scope scope, Object state, Boolean isCompleted)
   at Microsoft.AspNetCore.Mvc.Infrastructure.ResourceInvoker.<InvokeAsync>g__Logged|17_1(ResourceInvoker invoker)
   at Microsoft.AspNetCore.Mvc.Infrastructure.ResourceInvoker.<InvokeAsync>g__Logged|17_1(ResourceInvoker invoker)
   at Microsoft.AspNetCore.Routing.EndpointMiddleware.<Invoke>g__AwaitRequestTask|7_0(Endpoint endpoint, Task requestTask, ILogger logger)
   at Microsoft.AspNetCore.Session.SessionMiddleware.Invoke(HttpContext context)
   at Microsoft.AspNetCore.Session.SessionMiddleware.Invoke(HttpContext context)
   at Microsoft.AspNetCore.Authorization.AuthorizationMiddleware.Invoke(HttpContext context)
   at Microsoft.AspNetCore.Authentication.AuthenticationMiddleware.Invoke(HttpContext context)
   at Microsoft.AspNetCore.Diagnostics.DeveloperExceptionPageMiddlewareImpl.Invoke(HttpContext context)
2025-11-16 09:03:12.606 +03:00 [INF] Request finished HTTP/2 GET https://localhost:53551/Material - 500 null text/html; charset=utf-8 74.8248ms
2025-11-16 09:03:12.628 +03:00 [INF] Request starting HTTP/2 GET https://localhost:53551/_framework/aspnetcore-browser-refresh.js - null null
2025-11-16 09:03:12.628 +03:00 [INF] Request starting HTTP/2 GET https://localhost:53551/_vs/browserLink - null null
2025-11-16 09:03:12.631 +03:00 [INF] Request finished HTTP/2 GET https://localhost:53551/_framework/aspnetcore-browser-refresh.js - 200 13796 application/javascript; charset=utf-8 2.9808ms
2025-11-16 09:03:12.648 +03:00 [INF] Request finished HTTP/2 GET https://localhost:53551/_vs/browserLink - 200 null text/javascript; charset=UTF-8 19.9594ms
2025-11-16 09:03:14.218 +03:00 [INF] Request starting HTTP/2 GET https://localhost:53551/_framework/aspnetcore-browser-refresh.js - null null
2025-11-16 09:03:14.222 +03:00 [INF] Request finished HTTP/2 GET https://localhost:53551/_framework/aspnetcore-browser-refresh.js - 200 13796 application/javascript; charset=utf-8 4.5045ms
